<?xml version="1.0" encoding="UTF-8"?>
<!-- Generated by org.testng.reporters.JUnitReportReporter -->
<testsuite hostname="INLM-Praveeng-2.local" failures="0" tests="1" name="test" time="13.540" errors="0" timestamp="2022-04-11T15:37:03 IST" skipped="0">
  <testcase classname="test" name="hello" time="13.540"/>
  <system-out/>
</testsuite> <!-- test -->
